/*C2*/SET SCHEMA PUBLIC
DISCONNECT
/*C3*/SET SCHEMA PUBLIC
\u000a DROP TABLE IF EXISTS lancamento
DROP TABLE IF EXISTS tipolancamento
\u000a CREATE TABLE IF NOT EXISTS lancamento\u000a (id INTEGER IDENTITY PRIMARY KEY, nome VARCHAR(50), data TIMESTAMP, valor DOUBLE, idtipolancamento VARCHAR(50))
\u000a CREATE TABLE IF NOT EXISTS tipolancamento\u000a (id INTEGER IDENTITY PRIMARY KEY, tipolancamento VARCHAR(50))
INSERT INTO TIPOLANCAMENTO VALUES(1,'TRANSFERENCIA')
COMMIT
INSERT INTO TIPOLANCAMENTO VALUES(2,'SAQUE')
COMMIT
INSERT INTO TIPOLANCAMENTO VALUES(3,'DEPOSITO')
COMMIT
\u000a DROP TABLE IF EXISTS lancamento
DROP TABLE IF EXISTS tipolancamento
\u000a CREATE TABLE IF NOT EXISTS lancamento\u000a (id INTEGER IDENTITY PRIMARY KEY, nome VARCHAR(50), data TIMESTAMP, valor DOUBLE, idtipolancamento VARCHAR(50))
\u000a CREATE TABLE IF NOT EXISTS tipolancamento\u000a (id INTEGER IDENTITY PRIMARY KEY, tipolancamento VARCHAR(50))
INSERT INTO TIPOLANCAMENTO VALUES(1,'TRANSFERENCIA')
INSERT INTO TIPOLANCAMENTO VALUES(2,'SAQUE')
INSERT INTO TIPOLANCAMENTO VALUES(3,'DEPOSITO')
COMMIT
INSERT INTO LANCAMENTO VALUES(0,'Albert Einstein','2018-01-31 00:00:00.000000',1234.56E0,'2')
COMMIT
DISCONNECT
/*C4*/SET SCHEMA PUBLIC
DISCONNECT
/*C5*/SET SCHEMA PUBLIC
\u000a DROP TABLE IF EXISTS lancamento
DROP TABLE IF EXISTS tipolancamento
\u000a CREATE TABLE IF NOT EXISTS lancamento\u000a (id INTEGER IDENTITY PRIMARY KEY, nome VARCHAR(50), data TIMESTAMP, valor DOUBLE, idtipolancamento VARCHAR(50))
\u000a CREATE TABLE IF NOT EXISTS tipolancamento\u000a (id INTEGER IDENTITY PRIMARY KEY, tipolancamento VARCHAR(50))
INSERT INTO TIPOLANCAMENTO VALUES(1,'TRANSFERENCIA')
COMMIT
INSERT INTO TIPOLANCAMENTO VALUES(2,'SAQUE')
COMMIT
INSERT INTO TIPOLANCAMENTO VALUES(3,'DEPOSITO')
COMMIT
\u000a DROP TABLE IF EXISTS lancamento
DROP TABLE IF EXISTS tipolancamento
\u000a CREATE TABLE IF NOT EXISTS lancamento\u000a (id INTEGER IDENTITY PRIMARY KEY, nome VARCHAR(50), data TIMESTAMP, valor DOUBLE, idtipolancamento VARCHAR(50))
\u000a CREATE TABLE IF NOT EXISTS tipolancamento\u000a (id INTEGER IDENTITY PRIMARY KEY, tipolancamento VARCHAR(50))
INSERT INTO TIPOLANCAMENTO VALUES(1,'TRANSFERENCIA')
INSERT INTO TIPOLANCAMENTO VALUES(2,'SAQUE')
INSERT INTO TIPOLANCAMENTO VALUES(3,'DEPOSITO')
COMMIT
INSERT INTO LANCAMENTO VALUES(0,'Albert Einstein','2018-01-31 00:00:00.000000',1234.56E0,'3')
COMMIT
DELETE FROM LANCAMENTO WHERE ID=0
COMMIT
DISCONNECT
/*C6*/SET SCHEMA PUBLIC
DISCONNECT
/*C7*/SET SCHEMA PUBLIC
\u000a DROP TABLE IF EXISTS lancamento
DROP TABLE IF EXISTS tipolancamento
\u000a CREATE TABLE IF NOT EXISTS lancamento\u000a (id INTEGER IDENTITY PRIMARY KEY, nome VARCHAR(50), data TIMESTAMP, valor DOUBLE, idtipolancamento VARCHAR(50))
\u000a CREATE TABLE IF NOT EXISTS tipolancamento\u000a (id INTEGER IDENTITY PRIMARY KEY, tipolancamento VARCHAR(50))
INSERT INTO TIPOLANCAMENTO VALUES(1,'TRANSFERENCIA')
COMMIT
INSERT INTO TIPOLANCAMENTO VALUES(2,'SAQUE')
COMMIT
INSERT INTO TIPOLANCAMENTO VALUES(3,'DEPOSITO')
COMMIT
\u000a DROP TABLE IF EXISTS lancamento
DROP TABLE IF EXISTS tipolancamento
\u000a CREATE TABLE IF NOT EXISTS lancamento\u000a (id INTEGER IDENTITY PRIMARY KEY, nome VARCHAR(50), data TIMESTAMP, valor DOUBLE, idtipolancamento VARCHAR(50))
\u000a CREATE TABLE IF NOT EXISTS tipolancamento\u000a (id INTEGER IDENTITY PRIMARY KEY, tipolancamento VARCHAR(50))
INSERT INTO TIPOLANCAMENTO VALUES(1,'TRANSFERENCIA')
INSERT INTO TIPOLANCAMENTO VALUES(2,'SAQUE')
INSERT INTO TIPOLANCAMENTO VALUES(3,'DEPOSITO')
COMMIT
INSERT INTO LANCAMENTO VALUES(0,'Albert Einstein','2018-01-31 00:00:00.000000',1234.56E0,'3')
COMMIT
DISCONNECT
/*C8*/SET SCHEMA PUBLIC
DISCONNECT
/*C9*/SET SCHEMA PUBLIC
\u000a DROP TABLE IF EXISTS lancamento
DROP TABLE IF EXISTS tipolancamento
\u000a CREATE TABLE IF NOT EXISTS lancamento\u000a (id INTEGER IDENTITY PRIMARY KEY, nome VARCHAR(50), data TIMESTAMP, valor DOUBLE, idtipolancamento VARCHAR(50))
\u000a CREATE TABLE IF NOT EXISTS tipolancamento\u000a (id INTEGER IDENTITY PRIMARY KEY, tipolancamento VARCHAR(50))
INSERT INTO TIPOLANCAMENTO VALUES(1,'TRANSFERENCIA')
COMMIT
INSERT INTO TIPOLANCAMENTO VALUES(2,'SAQUE')
COMMIT
INSERT INTO TIPOLANCAMENTO VALUES(3,'DEPOSITO')
COMMIT
\u000a DROP TABLE IF EXISTS lancamento
DROP TABLE IF EXISTS tipolancamento
\u000a CREATE TABLE IF NOT EXISTS lancamento\u000a (id INTEGER IDENTITY PRIMARY KEY, nome VARCHAR(50), data TIMESTAMP, valor DOUBLE, idtipolancamento VARCHAR(50))
\u000a CREATE TABLE IF NOT EXISTS tipolancamento\u000a (id INTEGER IDENTITY PRIMARY KEY, tipolancamento VARCHAR(50))
INSERT INTO TIPOLANCAMENTO VALUES(1,'TRANSFERENCIA')
INSERT INTO TIPOLANCAMENTO VALUES(2,'SAQUE')
INSERT INTO TIPOLANCAMENTO VALUES(3,'DEPOSITO')
COMMIT
INSERT INTO LANCAMENTO VALUES(0,'Albert Einstein','2018-01-31 00:00:00.000000',1234.56E0,'3')
COMMIT
DELETE FROM LANCAMENTO WHERE ID=0
INSERT INTO LANCAMENTO VALUES(0,'Charles Darwin','2018-02-02 00:00:00.000000',9999.99E0,'1')
COMMIT
DISCONNECT
/*C10*/SET SCHEMA PUBLIC
DISCONNECT
/*C11*/SET SCHEMA PUBLIC
\u000a DROP TABLE IF EXISTS lancamento
DROP TABLE IF EXISTS tipolancamento
\u000a CREATE TABLE IF NOT EXISTS lancamento\u000a (id INTEGER IDENTITY PRIMARY KEY, nome VARCHAR(50), data TIMESTAMP, valor DOUBLE, idtipolancamento VARCHAR(50))
\u000a CREATE TABLE IF NOT EXISTS tipolancamento\u000a (id INTEGER IDENTITY PRIMARY KEY, tipolancamento VARCHAR(50))
INSERT INTO TIPOLANCAMENTO VALUES(1,'TRANSFERENCIA')
COMMIT
INSERT INTO TIPOLANCAMENTO VALUES(2,'SAQUE')
COMMIT
INSERT INTO TIPOLANCAMENTO VALUES(3,'DEPOSITO')
COMMIT
\u000a DROP TABLE IF EXISTS lancamento
DROP TABLE IF EXISTS tipolancamento
\u000a CREATE TABLE IF NOT EXISTS lancamento\u000a (id INTEGER IDENTITY PRIMARY KEY, nome VARCHAR(50), data TIMESTAMP, valor DOUBLE, idtipolancamento VARCHAR(50))
\u000a CREATE TABLE IF NOT EXISTS tipolancamento\u000a (id INTEGER IDENTITY PRIMARY KEY, tipolancamento VARCHAR(50))
INSERT INTO TIPOLANCAMENTO VALUES(1,'TRANSFERENCIA')
INSERT INTO TIPOLANCAMENTO VALUES(2,'SAQUE')
INSERT INTO TIPOLANCAMENTO VALUES(3,'DEPOSITO')
COMMIT
INSERT INTO LANCAMENTO VALUES(0,'Albert Einstein','2018-01-31 00:00:00.000000',1234.56E0,'3')
COMMIT
INSERT INTO LANCAMENTO VALUES(1,'Charles Darwin','2018-02-05 00:00:00.000000',4242.31E0,'2')
COMMIT
DISCONNECT
